<?xml version="1.0" encoding="UTF-8" standalone="no"?>
<!DOCTYPE log SYSTEM "logger.dtd">
<log>
<record>
  <date>2024-07-12T11:53:59.389-0300</date>
  <logger>ANTONIO BARROS DE ALCANTARA NETO</logger>
  <level>FINE</level>
  <message>File 123110363-ANTONIO BARROS DE ALCANTARA NETO.zip was received. It was sent by ANTONIO BARROS DE ALCANTARA NETO from IP 150.165.74.129 at 12-07-2024 11*53*59</message>
</record>
</log>
<?xml version="1.0" encoding="UTF-8" standalone="no"?>
<!DOCTYPE log SYSTEM "logger.dtd">
<log>
<record>
  <date>2024-07-12T11:54:22.159-0300</date>
  <logger>ANTONIO BARROS DE ALCANTARA NETO</logger>
  <level>FINE</level>
  <message>File 123110363-ANTONIO BARROS DE ALCANTARA NETO.zip was received. It was sent by ANTONIO BARROS DE ALCANTARA NETO from IP 150.165.74.129 at 12-07-2024 11*54*22</message>
</record>
</log>
<?xml version="1.0" encoding="UTF-8" standalone="no"?>
<!DOCTYPE log SYSTEM "logger.dtd">
<log>
<record>
  <date>2024-07-15T22:13:57.197-0300</date>
  <logger>ANTONIO BARROS DE ALCANTARA NETO</logger>
  <level>FINE</level>
  <message>File 123110363-ANTONIO BARROS DE ALCANTARA NETO.zip was received. It was sent by ANTONIO BARROS DE ALCANTARA NETO from IP 192.168.0.106 at 15-07-2024 22*13*56</message>
</record>
</log>
<?xml version="1.0" encoding="UTF-8" standalone="no"?>
<!DOCTYPE log SYSTEM "logger.dtd">
<log>
<record>
  <date>2024-07-15T22:14:10.837-0300</date>
  <logger>ANTONIO BARROS DE ALCANTARA NETO</logger>
  <level>FINE</level>
  <message>File 123110363-ANTONIO BARROS DE ALCANTARA NETO.zip was received. It was sent by ANTONIO BARROS DE ALCANTARA NETO from IP 192.168.0.106 at 15-07-2024 22*14*10</message>
</record>
