<?xml version="1.0" encoding="UTF-8" standalone="no"?>
<!DOCTYPE log SYSTEM "logger.dtd">
<log>
<record>
  <date>2024-07-31T17:01:15.394-0300</date>
  <logger>ANTONIO BARROS DE ALCANTARA NETO</logger>
  <level>FINE</level>
  <message>File 123110363-ANTONIO BARROS DE ALCANTARA NETO.zip was received. It was sent by ANTONIO BARROS DE ALCANTARA NETO from IP 192.168.0.105 at 31-07-2024 17*01*15</message>
</record>
</log>
<?xml version="1.0" encoding="UTF-8" standalone="no"?>
<!DOCTYPE log SYSTEM "logger.dtd">
<log>
<record>
  <date>2024-07-31T17:01:29.828-0300</date>
  <logger>ANTONIO BARROS DE ALCANTARA NETO</logger>
  <level>FINE</level>
  <message>File 123110363-ANTONIO BARROS DE ALCANTARA NETO.zip was received. It was sent by ANTONIO BARROS DE ALCANTARA NETO from IP 192.168.0.105 at 31-07-2024 17*01*29</message>
</record>
</log>
<?xml version="1.0" encoding="UTF-8" standalone="no"?>
<!DOCTYPE log SYSTEM "logger.dtd">
<log>
<record>
  <date>2024-07-31T22:15:09.740-0300</date>
  <logger>ANTONIO BARROS DE ALCANTARA NETO</logger>
  <level>FINE</level>
  <message>File 123110363-ANTONIO BARROS DE ALCANTARA NETO.zip was received. It was sent by ANTONIO BARROS DE ALCANTARA NETO from IP 192.168.0.105 at 31-07-2024 22*15*09</message>
</record>
</log>
<?xml version="1.0" encoding="UTF-8" standalone="no"?>
<!DOCTYPE log SYSTEM "logger.dtd">
<log>
<record>
  <date>2024-07-31T22:15:25.103-0300</date>
  <logger>ANTONIO BARROS DE ALCANTARA NETO</logger>
  <level>FINE</level>
  <message>File 123110363-ANTONIO BARROS DE ALCANTARA NETO.zip was received. It was sent by ANTONIO BARROS DE ALCANTARA NETO from IP 192.168.0.105 at 31-07-2024 22*15*25</message>
</record>
</log>
<?xml version="1.0" encoding="UTF-8" standalone="no"?>
<!DOCTYPE log SYSTEM "logger.dtd">
<log>
<record>
  <date>2024-08-01T23:44:36.382-0300</date>
  <logger>ANTONIO BARROS DE ALCANTARA NETO</logger>
  <level>FINE</level>
  <message>File 123110363-ANTONIO BARROS DE ALCANTARA NETO.zip was received. It was sent by ANTONIO BARROS DE ALCANTARA NETO from IP 192.168.0.105 at 01-08-2024 23*44*36</message>
</record>
</log>
<?xml version="1.0" encoding="UTF-8" standalone="no"?>
<!DOCTYPE log SYSTEM "logger.dtd">
<log>
<record>
  <date>2024-08-01T23:45:49.525-0300</date>
  <logger>ANTONIO BARROS DE ALCANTARA NETO</logger>
  <level>FINE</level>
  <message>File 123110363-ANTONIO BARROS DE ALCANTARA NETO.zip was received. It was sent by ANTONIO BARROS DE ALCANTARA NETO from IP 192.168.0.105 at 01-08-2024 23*45*49</message>
</record>
</log>
<?xml version="1.0" encoding="UTF-8" standalone="no"?>
<!DOCTYPE log SYSTEM "logger.dtd">
<log>
<record>
  <date>2024-08-01T23:46:15.158-0300</date>
  <logger>ANTONIO BARROS DE ALCANTARA NETO</logger>
  <level>FINE</level>
  <message>File 123110363-ANTONIO BARROS DE ALCANTARA NETO.zip was received. It was sent by ANTONIO BARROS DE ALCANTARA NETO from IP 192.168.0.105 at 01-08-2024 23*46*15</message>
</record>
</log>
<?xml version="1.0" encoding="UTF-8" standalone="no"?>
<!DOCTYPE log SYSTEM "logger.dtd">
<log>
<record>
  <date>2024-08-01T23:46:27.922-0300</date>
  <logger>ANTONIO BARROS DE ALCANTARA NETO</logger>
  <level>FINE</level>
  <message>File 123110363-ANTONIO BARROS DE ALCANTARA NETO.zip was received. It was sent by ANTONIO BARROS DE ALCANTARA NETO from IP 192.168.0.105 at 01-08-2024 23*46*27</message>
</record>
