<?xml version="1.0" encoding="UTF-8" standalone="no"?>
<!DOCTYPE log SYSTEM "logger.dtd">
<log>
<record>
  <date>2024-09-19T10:02:50.687-0300</date>
  <logger>ANTONIO BARROS DE ALCANTARA NETO</logger>
  <level>FINE</level>
  <message>File 123110363-ANTONIO BARROS DE ALCANTARA NETO.zip was received. It was sent by ANTONIO BARROS DE ALCANTARA NETO from IP 150.165.74.90 at 19-09-2024 10*02*50</message>
</record>
</log>
<?xml version="1.0" encoding="UTF-8" standalone="no"?>
<!DOCTYPE log SYSTEM "logger.dtd">
<log>
<record>
  <date>2024-09-19T10:03:11.004-0300</date>
  <logger>ANTONIO BARROS DE ALCANTARA NETO</logger>
  <level>FINE</level>
  <message>File 123110363-ANTONIO BARROS DE ALCANTARA NETO.zip was received. It was sent by ANTONIO BARROS DE ALCANTARA NETO from IP 150.165.74.90 at 19-09-2024 10*03*10</message>
</record>
</log>
<?xml version="1.0" encoding="UTF-8" standalone="no"?>
<!DOCTYPE log SYSTEM "logger.dtd">
<log>
<record>
  <date>2024-09-19T10:03:47.794-0300</date>
  <logger>ANTONIO BARROS DE ALCANTARA NETO</logger>
  <level>FINE</level>
  <message>File 123110363-ANTONIO BARROS DE ALCANTARA NETO.zip was received. It was sent by ANTONIO BARROS DE ALCANTARA NETO from IP 150.165.74.90 at 19-09-2024 10*03*47</message>
</record>
