<?xml version="1.0" encoding="UTF-8" standalone="no"?>
<!DOCTYPE log SYSTEM "logger.dtd">
<log>
<record>
  <date>2024-07-26T11:29:41.370-0300</date>
  <logger>ANTONIO BARROS DE ALCANTARA NETO</logger>
  <level>FINE</level>
  <message>File 123110363-ANTONIO BARROS DE ALCANTARA NETO.zip was received. It was sent by ANTONIO BARROS DE ALCANTARA NETO from IP 150.165.74.100 at 26-07-2024 11*29*41</message>
</record>
</log>
<?xml version="1.0" encoding="UTF-8" standalone="no"?>
<!DOCTYPE log SYSTEM "logger.dtd">
<log>
<record>
  <date>2024-07-26T11:30:01.265-0300</date>
  <logger>ANTONIO BARROS DE ALCANTARA NETO</logger>
  <level>FINE</level>
  <message>File 123110363-ANTONIO BARROS DE ALCANTARA NETO.zip was received. It was sent by ANTONIO BARROS DE ALCANTARA NETO from IP 150.165.74.100 at 26-07-2024 11*30*01</message>
</record>
</log>
<?xml version="1.0" encoding="UTF-8" standalone="no"?>
<!DOCTYPE log SYSTEM "logger.dtd">
<log>
<record>
  <date>2024-07-30T20:12:20.390-0300</date>
  <logger>ANTONIO BARROS DE ALCANTARA NETO</logger>
  <level>FINE</level>
  <message>File 123110363-ANTONIO BARROS DE ALCANTARA NETO.zip was received. It was sent by ANTONIO BARROS DE ALCANTARA NETO from IP 192.168.0.105 at 30-07-2024 20*12*20</message>
</record>
</log>
<?xml version="1.0" encoding="UTF-8" standalone="no"?>
<!DOCTYPE log SYSTEM "logger.dtd">
<log>
<record>
  <date>2024-07-30T20:12:33.414-0300</date>
  <logger>ANTONIO BARROS DE ALCANTARA NETO</logger>
  <level>FINE</level>
  <message>File 123110363-ANTONIO BARROS DE ALCANTARA NETO.zip was received. It was sent by ANTONIO BARROS DE ALCANTARA NETO from IP 192.168.0.105 at 30-07-2024 20*12*33</message>
</record>
</log>
<?xml version="1.0" encoding="UTF-8" standalone="no"?>
<!DOCTYPE log SYSTEM "logger.dtd">
<log>
<record>
  <date>2024-07-30T20:14:12.429-0300</date>
  <logger>ANTONIO BARROS DE ALCANTARA NETO</logger>
  <level>FINE</level>
  <message>File 123110363-ANTONIO BARROS DE ALCANTARA NETO.zip was received. It was sent by ANTONIO BARROS DE ALCANTARA NETO from IP 192.168.0.105 at 30-07-2024 20*14*12</message>
</record>
</log>
<?xml version="1.0" encoding="UTF-8" standalone="no"?>
<!DOCTYPE log SYSTEM "logger.dtd">
<log>
<record>
  <date>2024-07-30T20:14:25.007-0300</date>
  <logger>ANTONIO BARROS DE ALCANTARA NETO</logger>
  <level>FINE</level>
  <message>File 123110363-ANTONIO BARROS DE ALCANTARA NETO.zip was received. It was sent by ANTONIO BARROS DE ALCANTARA NETO from IP 192.168.0.105 at 30-07-2024 20*14*24</message>
</record>
